<?xml version="1.0" encoding="UTF-8"?>
<!-- Generated by org.testng.reporters.JUnitReportReporter -->
<testsuite hostname="LAPTOP-O6SPIPHE" failures="0" tests="1" name="RunnerTest.RunTestClass" time="8.588" errors="0" timestamp="2024-01-17T23:36:06 IST" skipped="0">
  <testcase classname="RunnerTest.RunTestClass" name="runScenario" time="8.588"/>
</testsuite> <!-- RunnerTest.RunTestClass -->
