<?xml version="1.0" encoding="UTF-8"?>
<!-- Generated by org.testng.reporters.JUnitReportReporter -->
<testsuite hostname="LAPTOP-QGS1NADE" failures="0" tests="1" name="RunnerTest.RunTestClass" time="12.393" errors="0" timestamp="2024-01-17T23:09:37 IST" skipped="0">
  <testcase classname="RunnerTest.RunTestClass" name="runScenario" time="12.393"/>
</testsuite> <!-- RunnerTest.RunTestClass -->
