<?xml version="1.0" encoding="UTF-8"?>
<!-- Generated by org.testng.reporters.JUnitReportReporter -->
<testsuite hostname="DESKTOP-BTO5A6T" failures="0" tests="1" name="RunnerTest.RunTestClass" time="19.704" errors="0" timestamp="2024-01-17T23:55:50 IST" skipped="0">
  <testcase classname="RunnerTest.RunTestClass" name="runScenario" time="19.704"/>
</testsuite> <!-- RunnerTest.RunTestClass -->
